2024-06-26T04:42:08+00:00 ERROR Authentication failed
2024-06-26T04:42:20+00:00 ERROR Authentication failed
2024-06-26T04:42:26+00:00 ERROR Authentication failed
2024-06-26T04:48:03+00:00 ERROR Authentication failed
2024-06-26T04:48:21+00:00 ERROR Authentication failed
2024-06-26T04:48:23+00:00 ERROR Authentication failed
2024-06-26T06:00:25+00:00 ERROR Authentication failed
2024-06-26T06:00:32+00:00 ERROR Authentication failed
2024-06-26T06:04:12+00:00 ERROR Authentication failed
2024-06-26T07:35:35+00:00 ERROR Authentication failed
2024-06-26T07:35:40+00:00 ERROR Authentication failed
2024-06-26T09:30:22+00:00 ERROR Authentication failed
2024-06-26T09:30:24+00:00 ERROR Authentication failed
2024-06-26T09:30:38+00:00 ERROR Authentication failed
2024-06-26T09:30:46+00:00 ERROR Authentication failed
2024-06-26T09:32:57+00:00 ERROR Authentication failed
2024-06-26T09:33:20+00:00 ERROR Authentication failed
2024-06-26T09:33:49+00:00 ERROR Authentication failed
2024-06-26T09:34:24+00:00 INFO Trying to create one_cc_address_sync_cron
2024-06-26T09:34:24+00:00 INFO Failed to create one_cc_address_sync_cron as invalid one cc merchant
2024-06-26T09:34:24+00:00 INFO Attempting to delete one_cc_address_sync_cron, status: cancelled, message: invalid_1cc_merchant
2024-06-26T09:34:24+00:00 INFO Deleted one_cc_address_sync_cron  if exists
2024-06-26T09:34:24+00:00 INFO updateAddressSyncCronData: status=cancelled, message=invalid_1cc_merchant, cronStatus=deleted
2024-06-26T09:34:24+00:00 INFO create one_cc_plugin_sync_cron successful
2024-06-26T09:34:35+00:00 INFO Trying to create one_cc_address_sync_cron
2024-06-26T09:34:35+00:00 INFO Failed to create one_cc_address_sync_cron as invalid one cc merchant
2024-06-26T09:34:35+00:00 INFO Attempting to delete one_cc_address_sync_cron, status: cancelled, message: invalid_1cc_merchant
2024-06-26T09:34:35+00:00 INFO Deleted one_cc_address_sync_cron  if exists
2024-06-26T09:34:35+00:00 INFO updateAddressSyncCronData: status=cancelled, message=invalid_1cc_merchant, cronStatus=deleted
2024-06-26T09:34:35+00:00 INFO create one_cc_plugin_sync_cron successful
2024-06-26T09:35:36+00:00 ERROR Authentication failed
2024-06-26T09:35:46+00:00 ERROR Authentication failed
2024-06-26T09:36:28+00:00 ERROR Authentication failed
2024-06-26T10:08:48+00:00 ERROR Authentication failed
2024-06-26T10:09:40+00:00 ERROR Authentication failed
2024-06-26T10:10:10+00:00 ERROR Authentication failed
2024-06-26T10:23:41+00:00 ERROR Authentication failed
2024-06-26T10:23:43+00:00 ERROR Authentication failed
2024-06-26T10:23:44+00:00 ERROR Authentication failed
2024-06-26T10:24:34+00:00 ERROR Authentication failed
2024-06-26T10:24:41+00:00 ERROR Authentication failed
2024-06-26T10:25:24+00:00 ERROR Authentication failed
2024-06-26T10:25:30+00:00 ERROR Authentication failed
