2024-06-25T05:37:55+00:00 ERROR Authentication failed
2024-06-25T05:38:23+00:00 ERROR Authentication failed
2024-06-25T05:39:39+00:00 ERROR Authentication failed
2024-06-25T05:39:43+00:00 ERROR Authentication failed
2024-06-25T05:40:30+00:00 ERROR Authentication failed
2024-06-25T05:40:49+00:00 ERROR Authentication failed
2024-06-25T05:41:05+00:00 ERROR Authentication failed
2024-06-25T05:41:32+00:00 ERROR Authentication failed
2024-06-25T05:41:46+00:00 ERROR Authentication failed
2024-06-25T05:42:21+00:00 ERROR Authentication failed
2024-06-25T05:44:53+00:00 ERROR Authentication failed
2024-06-25T05:44:56+00:00 ERROR Authentication failed
2024-06-25T05:45:04+00:00 ERROR Authentication failed
2024-06-25T05:45:11+00:00 ERROR Authentication failed
2024-06-25T05:45:16+00:00 ERROR Authentication failed
2024-06-25T05:45:20+00:00 ERROR Authentication failed
2024-06-25T05:46:05+00:00 ERROR Authentication failed
2024-06-25T05:46:05+00:00 ERROR Authentication failed
2024-06-25T05:46:11+00:00 ERROR Authentication failed
2024-06-25T05:46:18+00:00 ERROR Authentication failed
2024-06-25T05:46:21+00:00 ERROR Authentication failed
2024-06-25T05:46:24+00:00 ERROR Authentication failed
2024-06-25T05:46:25+00:00 ERROR Authentication failed
2024-06-25T05:46:27+00:00 ERROR Authentication failed
2024-06-25T05:46:28+00:00 ERROR Authentication failed
2024-06-25T05:46:54+00:00 ERROR Authentication failed
2024-06-25T05:47:18+00:00 ERROR Authentication failed
2024-06-25T05:47:29+00:00 ERROR Authentication failed
2024-06-25T05:47:41+00:00 ERROR Authentication failed
2024-06-25T05:47:51+00:00 ERROR Authentication failed
2024-06-25T05:49:06+00:00 ERROR Authentication failed
2024-06-25T06:04:26+00:00 ERROR Authentication failed
2024-06-25T06:04:31+00:00 ERROR Authentication failed
2024-06-25T06:04:35+00:00 ERROR Authentication failed
2024-06-25T06:05:33+00:00 ERROR Authentication failed
2024-06-25T06:05:33+00:00 ERROR Authentication failed
2024-06-25T06:05:47+00:00 ERROR Authentication failed
2024-06-25T06:05:47+00:00 ERROR Authentication failed
2024-06-25T06:08:33+00:00 ERROR Authentication failed
2024-06-25T06:08:42+00:00 ERROR Authentication failed
2024-06-25T06:08:54+00:00 ERROR Authentication failed
2024-06-25T06:08:55+00:00 ERROR Authentication failed
2024-06-25T06:09:02+00:00 ERROR Authentication failed
2024-06-25T06:09:08+00:00 ERROR Authentication failed
2024-06-25T06:09:16+00:00 ERROR Authentication failed
2024-06-25T06:09:17+00:00 ERROR Authentication failed
2024-06-25T06:09:43+00:00 ERROR Authentication failed
2024-06-25T06:09:43+00:00 ERROR Authentication failed
2024-06-25T06:53:22+00:00 ERROR Authentication failed
2024-06-25T06:53:22+00:00 ERROR Authentication failed
2024-06-25T06:53:28+00:00 ERROR Authentication failed
2024-06-25T06:53:32+00:00 ERROR Authentication failed
2024-06-25T06:53:56+00:00 ERROR Authentication failed
2024-06-25T06:54:19+00:00 INFO Trying to create one_cc_address_sync_cron
2024-06-25T06:54:19+00:00 INFO Failed to create one_cc_address_sync_cron as invalid one cc merchant
2024-06-25T06:54:19+00:00 INFO Attempting to delete one_cc_address_sync_cron, status: cancelled, message: invalid_1cc_merchant
2024-06-25T06:54:19+00:00 INFO Deleted one_cc_address_sync_cron  if exists
2024-06-25T06:54:19+00:00 INFO updateAddressSyncCronData: status=cancelled, message=invalid_1cc_merchant, cronStatus=deleted
2024-06-25T06:54:19+00:00 INFO create one_cc_plugin_sync_cron successful
2024-06-25T06:54:30+00:00 ERROR Authentication failed
2024-06-25T06:54:36+00:00 ERROR Authentication failed
2024-06-25T06:54:53+00:00 ERROR Authentication failed
2024-06-25T06:56:28+00:00 ERROR Authentication failed
2024-06-25T06:56:28+00:00 ERROR Authentication failed
2024-06-25T06:56:38+00:00 ERROR Authentication failed
2024-06-25T06:57:02+00:00 ERROR Authentication failed
2024-06-25T06:57:06+00:00 ERROR Authentication failed
2024-06-25T06:57:31+00:00 ERROR Authentication failed
2024-06-25T06:57:37+00:00 ERROR Authentication failed
2024-06-25T07:03:37+00:00 ERROR Authentication failed
2024-06-25T07:03:42+00:00 ERROR Authentication failed
2024-06-25T07:15:10+00:00 ERROR Authentication failed
2024-06-25T07:15:35+00:00 ERROR Authentication failed
2024-06-25T07:15:53+00:00 ERROR Authentication failed
2024-06-25T07:15:55+00:00 ERROR Authentication failed
2024-06-25T07:16:05+00:00 ERROR Authentication failed
2024-06-25T07:16:16+00:00 ERROR Authentication failed
2024-06-25T07:16:17+00:00 ERROR Authentication failed
2024-06-25T07:16:36+00:00 ERROR Authentication failed
2024-06-25T07:16:37+00:00 ERROR Authentication failed
2024-06-25T07:16:49+00:00 ERROR Authentication failed
2024-06-25T07:16:50+00:00 ERROR Authentication failed
