2024-06-19T09:48:20+00:00 ERROR Authentication failed
2024-06-19T09:48:30+00:00 ERROR Authentication failed
2024-06-19T09:48:45+00:00 ERROR Authentication failed
2024-06-19T09:51:36+00:00 ERROR Authentication failed
2024-06-19T09:52:18+00:00 ERROR Authentication failed
2024-06-19T09:52:22+00:00 ERROR Authentication failed
2024-06-19T09:56:18+00:00 ERROR Authentication failed
2024-06-19T09:56:49+00:00 ERROR Authentication failed
2024-06-19T09:57:11+00:00 ERROR Authentication failed
2024-06-19T09:57:34+00:00 ERROR Authentication failed
2024-06-19T09:57:56+00:00 ERROR Authentication failed
2024-06-19T09:58:18+00:00 ERROR Authentication failed
2024-06-19T09:59:27+00:00 ERROR Authentication failed
2024-06-19T09:59:28+00:00 ERROR Authentication failed
2024-06-19T09:59:36+00:00 ERROR Authentication failed
2024-06-19T09:59:37+00:00 ERROR Authentication failed
2024-06-19T09:59:51+00:00 ERROR Authentication failed
2024-06-19T10:00:26+00:00 ERROR Authentication failed
2024-06-19T10:00:26+00:00 ERROR Authentication failed
2024-06-19T10:00:41+00:00 ERROR Authentication failed
2024-06-19T10:02:01+00:00 ERROR Authentication failed
2024-06-19T10:02:23+00:00 ERROR Authentication failed
2024-06-19T10:02:46+00:00 ERROR Authentication failed
2024-06-19T10:03:09+00:00 ERROR Authentication failed
2024-06-19T10:05:48+00:00 ERROR Authentication failed
2024-06-19T10:05:49+00:00 ERROR Authentication failed
2024-06-19T10:06:08+00:00 ERROR Authentication failed
2024-06-19T10:06:22+00:00 ERROR Authentication failed
2024-06-19T10:07:46+00:00 ERROR Authentication failed
2024-06-19T10:08:03+00:00 ERROR Authentication failed
2024-06-19T10:08:25+00:00 ERROR Authentication failed
2024-06-19T10:10:47+00:00 ERROR Authentication failed
2024-06-19T10:10:48+00:00 ERROR Authentication failed
2024-06-19T10:10:53+00:00 ERROR Authentication failed
2024-06-19T10:10:53+00:00 ERROR Authentication failed
2024-06-19T10:11:09+00:00 ERROR Authentication failed
2024-06-19T10:11:13+00:00 ERROR Authentication failed
2024-06-19T10:11:35+00:00 ERROR Authentication failed
2024-06-19T10:11:44+00:00 ERROR Authentication failed
2024-06-19T10:11:45+00:00 ERROR Authentication failed
2024-06-19T10:11:50+00:00 ERROR Authentication failed
2024-06-19T10:11:51+00:00 ERROR Authentication failed
2024-06-19T10:12:01+00:00 ERROR Authentication failed
2024-06-19T10:12:28+00:00 ERROR Authentication failed
2024-06-19T10:12:35+00:00 ERROR Authentication failed
2024-06-19T10:12:36+00:00 ERROR Authentication failed
2024-06-19T10:12:48+00:00 ERROR Authentication failed
2024-06-19T10:13:03+00:00 ERROR Authentication failed
2024-06-19T10:13:11+00:00 ERROR Authentication failed
2024-06-19T10:13:46+00:00 ERROR Authentication failed
2024-06-19T10:14:41+00:00 ERROR Authentication failed
2024-06-19T10:14:42+00:00 ERROR Authentication failed
2024-06-19T10:14:47+00:00 ERROR Authentication failed
2024-06-19T10:15:05+00:00 ERROR Authentication failed
2024-06-19T10:15:08+00:00 ERROR Authentication failed
2024-06-19T10:15:25+00:00 ERROR Authentication failed
2024-06-19T10:16:05+00:00 ERROR Authentication failed
2024-06-19T10:16:05+00:00 ERROR Authentication failed
2024-06-19T10:16:22+00:00 ERROR Authentication failed
2024-06-19T10:16:35+00:00 ERROR Authentication failed
2024-06-19T10:18:34+00:00 ERROR Authentication failed
2024-06-19T10:18:56+00:00 ERROR Authentication failed
2024-06-19T10:19:18+00:00 ERROR Authentication failed
2024-06-19T10:19:38+00:00 ERROR Authentication failed
2024-06-19T10:20:29+00:00 ERROR Authentication failed
2024-06-19T10:20:52+00:00 ERROR Authentication failed
2024-06-19T10:22:48+00:00 ERROR Authentication failed
2024-06-19T10:23:07+00:00 ERROR Authentication failed
2024-06-19T10:23:08+00:00 ERROR Authentication failed
2024-06-19T10:23:13+00:00 ERROR Authentication failed
2024-06-19T10:23:14+00:00 ERROR Authentication failed
2024-06-19T10:23:22+00:00 ERROR Authentication failed
2024-06-19T10:23:48+00:00 ERROR Authentication failed
2024-06-19T10:23:52+00:00 ERROR Authentication failed
2024-06-19T10:26:54+00:00 ERROR Authentication failed
2024-06-19T10:26:55+00:00 ERROR Authentication failed
2024-06-19T10:27:11+00:00 ERROR Authentication failed
2024-06-19T10:27:12+00:00 ERROR Authentication failed
2024-06-19T10:27:58+00:00 ERROR Authentication failed
2024-06-19T10:28:33+00:00 ERROR Authentication failed
2024-06-19T10:28:34+00:00 ERROR Authentication failed
2024-06-19T10:28:38+00:00 ERROR Authentication failed
2024-06-19T10:28:56+00:00 ERROR Authentication failed
2024-06-19T10:30:11+00:00 ERROR Authentication failed
2024-06-19T10:30:35+00:00 ERROR Authentication failed
2024-06-19T10:30:56+00:00 ERROR Authentication failed
2024-06-19T10:32:05+00:00 ERROR Authentication failed
2024-06-19T10:33:45+00:00 ERROR Authentication failed
2024-06-19T10:33:50+00:00 ERROR Authentication failed
2024-06-19T10:33:51+00:00 ERROR Authentication failed
2024-06-19T10:34:39+00:00 ERROR Authentication failed
2024-06-19T10:34:44+00:00 ERROR Authentication failed
2024-06-19T10:34:44+00:00 ERROR Authentication failed
2024-06-19T10:34:50+00:00 ERROR Authentication failed
2024-06-19T10:35:00+00:00 ERROR Authentication failed
2024-06-19T10:36:23+00:00 ERROR Authentication failed
2024-06-19T10:36:45+00:00 ERROR Authentication failed
2024-06-19T10:37:07+00:00 ERROR Authentication failed
2024-06-19T10:38:06+00:00 ERROR Authentication failed
2024-06-19T10:39:32+00:00 ERROR Authentication failed
2024-06-19T10:39:59+00:00 ERROR Authentication failed
2024-06-19T10:40:00+00:00 ERROR Authentication failed
2024-06-19T10:40:30+00:00 ERROR Authentication failed
2024-06-19T10:40:31+00:00 ERROR Authentication failed
2024-06-19T10:40:39+00:00 ERROR Authentication failed
2024-06-19T10:40:45+00:00 ERROR Authentication failed
2024-06-19T10:44:05+00:00 ERROR Authentication failed
2024-06-19T10:44:50+00:00 ERROR Authentication failed
2024-06-19T10:45:13+00:00 ERROR Authentication failed
2024-06-19T10:45:45+00:00 ERROR Authentication failed
2024-06-19T10:46:08+00:00 ERROR Authentication failed
2024-06-19T10:47:41+00:00 ERROR Authentication failed
2024-06-19T10:47:50+00:00 ERROR Authentication failed
2024-06-19T10:48:09+00:00 ERROR Authentication failed
2024-06-19T10:48:10+00:00 ERROR Authentication failed
2024-06-19T10:48:31+00:00 ERROR Authentication failed
2024-06-19T10:48:32+00:00 ERROR Authentication failed
2024-06-19T10:48:51+00:00 ERROR Authentication failed
2024-06-19T10:48:52+00:00 ERROR Authentication failed
2024-06-19T10:49:02+00:00 ERROR Authentication failed
2024-06-19T10:49:58+00:00 ERROR Authentication failed
2024-06-19T10:50:22+00:00 ERROR Authentication failed
2024-06-19T10:50:45+00:00 ERROR Authentication failed
2024-06-19T10:53:03+00:00 ERROR Authentication failed
2024-06-19T10:53:45+00:00 ERROR Authentication failed
2024-06-19T10:53:50+00:00 ERROR Authentication failed
2024-06-19T10:54:25+00:00 ERROR Authentication failed
2024-06-19T10:54:29+00:00 ERROR Authentication failed
2024-06-19T10:55:01+00:00 ERROR Authentication failed
2024-06-19T10:55:20+00:00 ERROR Authentication failed
2024-06-19T10:55:25+00:00 ERROR Authentication failed
2024-06-19T10:56:05+00:00 ERROR Authentication failed
2024-06-19T10:56:06+00:00 ERROR Authentication failed
2024-06-19T10:56:14+00:00 ERROR Authentication failed
2024-06-19T10:56:25+00:00 ERROR Authentication failed
2024-06-19T10:57:31+00:00 ERROR Authentication failed
2024-06-19T10:57:50+00:00 ERROR Authentication failed
2024-06-19T10:58:12+00:00 ERROR Authentication failed
2024-06-19T10:59:20+00:00 ERROR Authentication failed
2024-06-19T10:59:45+00:00 ERROR Authentication failed
2024-06-19T10:59:52+00:00 ERROR Authentication failed
2024-06-19T10:59:53+00:00 ERROR Authentication failed
2024-06-19T11:00:17+00:00 ERROR Authentication failed
2024-06-19T11:00:17+00:00 ERROR Authentication failed
2024-06-19T11:00:26+00:00 ERROR Authentication failed
2024-06-19T11:01:27+00:00 ERROR Authentication failed
2024-06-19T11:02:35+00:00 ERROR Authentication failed
2024-06-19T11:02:58+00:00 ERROR Authentication failed
2024-06-19T11:04:11+00:00 ERROR Authentication failed
2024-06-19T11:04:42+00:00 ERROR Authentication failed
2024-06-19T11:04:43+00:00 ERROR Authentication failed
2024-06-19T11:05:07+00:00 ERROR Authentication failed
2024-06-19T11:05:07+00:00 ERROR Authentication failed
2024-06-19T11:05:17+00:00 ERROR Authentication failed
2024-06-19T11:05:23+00:00 ERROR Authentication failed
2024-06-19T11:05:28+00:00 ERROR Authentication failed
2024-06-19T11:05:46+00:00 ERROR Authentication failed
2024-06-19T11:05:52+00:00 ERROR Authentication failed
2024-06-19T11:05:53+00:00 ERROR Authentication failed
2024-06-19T11:06:14+00:00 ERROR Authentication failed
2024-06-19T11:09:55+00:00 ERROR Authentication failed
2024-06-19T11:10:19+00:00 ERROR Authentication failed
2024-06-19T11:10:43+00:00 ERROR Authentication failed
2024-06-19T11:11:05+00:00 ERROR Authentication failed
2024-06-19T11:12:11+00:00 ERROR Authentication failed
2024-06-19T11:12:26+00:00 ERROR Authentication failed
2024-06-19T11:12:27+00:00 ERROR Authentication failed
2024-06-19T11:12:57+00:00 ERROR Authentication failed
2024-06-19T11:12:57+00:00 ERROR Authentication failed
2024-06-19T11:13:03+00:00 ERROR Authentication failed
2024-06-19T11:13:41+00:00 ERROR Authentication failed
2024-06-19T11:13:47+00:00 ERROR Authentication failed
2024-06-19T11:14:32+00:00 ERROR Authentication failed
2024-06-19T11:14:46+00:00 ERROR Authentication failed
2024-06-19T11:15:32+00:00 ERROR Authentication failed
2024-06-19T11:20:46+00:00 ERROR Authentication failed
2024-06-19T11:20:54+00:00 ERROR Authentication failed
2024-06-19T11:31:49+00:00 ERROR Authentication failed
2024-06-19T11:32:42+00:00 ERROR Authentication failed
2024-06-19T11:32:43+00:00 ERROR Authentication failed
2024-06-19T11:33:19+00:00 ERROR Authentication failed
2024-06-19T11:33:20+00:00 ERROR Authentication failed
2024-06-19T11:33:37+00:00 ERROR Authentication failed
2024-06-19T11:33:38+00:00 ERROR Authentication failed
2024-06-19T11:33:44+00:00 ERROR Authentication failed
2024-06-19T11:33:50+00:00 ERROR Authentication failed
2024-06-19T11:33:59+00:00 ERROR Authentication failed
2024-06-19T11:34:00+00:00 ERROR Authentication failed
2024-06-19T11:34:03+00:00 ERROR Authentication failed
2024-06-19T11:34:06+00:00 ERROR Authentication failed
2024-06-19T11:34:18+00:00 ERROR Authentication failed
2024-06-19T11:34:21+00:00 ERROR Authentication failed
2024-06-19T11:34:25+00:00 ERROR Authentication failed
2024-06-19T11:34:33+00:00 ERROR Authentication failed
2024-06-19T11:34:34+00:00 ERROR Authentication failed
2024-06-19T11:34:38+00:00 ERROR Authentication failed
2024-06-19T11:34:43+00:00 ERROR Authentication failed
2024-06-19T11:35:10+00:00 ERROR Authentication failed
2024-06-19T11:35:11+00:00 ERROR Authentication failed
2024-06-19T11:35:14+00:00 ERROR Authentication failed
2024-06-19T11:35:18+00:00 ERROR Authentication failed
2024-06-19T11:35:31+00:00 ERROR Authentication failed
2024-06-19T11:35:32+00:00 ERROR Authentication failed
2024-06-19T11:35:35+00:00 ERROR Authentication failed
2024-06-19T11:35:43+00:00 ERROR Authentication failed
2024-06-19T11:35:52+00:00 ERROR Authentication failed
2024-06-19T11:35:53+00:00 ERROR Authentication failed
2024-06-19T11:35:57+00:00 ERROR Authentication failed
2024-06-19T11:36:03+00:00 ERROR Authentication failed
2024-06-19T11:36:05+00:00 ERROR Authentication failed
2024-06-19T11:36:12+00:00 ERROR Authentication failed
2024-06-19T11:36:14+00:00 ERROR Authentication failed
2024-06-19T11:36:14+00:00 ERROR Authentication failed
2024-06-19T11:36:19+00:00 ERROR Authentication failed
2024-06-19T11:36:24+00:00 ERROR Authentication failed
2024-06-19T11:36:36+00:00 ERROR Authentication failed
2024-06-19T11:36:36+00:00 ERROR Authentication failed
2024-06-19T11:36:39+00:00 ERROR Authentication failed
2024-06-19T11:36:48+00:00 ERROR Authentication failed
2024-06-19T11:37:06+00:00 ERROR Authentication failed
2024-06-19T11:37:06+00:00 ERROR Authentication failed
2024-06-19T11:37:12+00:00 ERROR Authentication failed
2024-06-19T11:37:18+00:00 ERROR Authentication failed
2024-06-19T11:37:31+00:00 ERROR Authentication failed
2024-06-19T11:37:32+00:00 ERROR Authentication failed
2024-06-19T11:37:32+00:00 ERROR Authentication failed
2024-06-19T11:37:41+00:00 ERROR Authentication failed
2024-06-19T11:38:02+00:00 ERROR Authentication failed
2024-06-19T11:38:12+00:00 ERROR Authentication failed
2024-06-19T11:38:13+00:00 ERROR Authentication failed
2024-06-19T11:38:17+00:00 ERROR Authentication failed
2024-06-19T11:38:30+00:00 ERROR Authentication failed
2024-06-19T11:38:40+00:00 ERROR Authentication failed
2024-06-19T11:38:40+00:00 ERROR Authentication failed
2024-06-19T11:38:50+00:00 ERROR Authentication failed
2024-06-19T11:39:14+00:00 ERROR Authentication failed
2024-06-19T11:39:43+00:00 ERROR Authentication failed
2024-06-19T11:40:15+00:00 INFO Called process_payment with params order_id 2012
2024-06-19T11:40:15+00:00 INFO Set transient with key razorpay_wc_order_id params order_id 2012
2024-06-19T11:40:16+00:00 ERROR Key Id and Key Secret are required.
2024-06-19T11:40:16+00:00 INFO getRazorpayPaymentParams 2012
2024-06-19T11:40:16+00:00 INFO createOrGetRazorpayOrderId 2012 and is1ccCheckout is set to no
2024-06-19T11:40:16+00:00 INFO Called createOrGetRazorpayOrderId with params orderId 2012 and is_magic_checkout_order is set to no
2024-06-19T11:40:16+00:00 INFO razorpayOrderId  | sessionKey razorpay_order_id2012
2024-06-19T11:40:16+00:00 INFO Called createRazorpayOrderId with params orderId 2012 and sessionKey razorpay_order_id2012
2024-06-19T11:40:16+00:00 INFO Called getOrderCreationData with params orderId 2012
2024-06-19T11:40:16+00:00 INFO Called getOrderCreationData with params orderId 2012 and is1ccOrder is set to no
2024-06-19T11:40:16+00:00 INFO For order 2012
2024-06-19T11:40:16+00:00 INFO {"receipt":"2012","amount":522000,"currency":"INR","payment_capture":1,"app_offer":0,"notes":{"woocommerce_order_number":"2012"}}
2024-06-19T11:40:16+00:00 INFO rzp order error Authentication failed
2024-06-19T11:54:14+00:00 ERROR Authentication failed
2024-06-19T11:54:18+00:00 ERROR Authentication failed
2024-06-19T11:54:35+00:00 ERROR Authentication failed
2024-06-19T11:54:49+00:00 ERROR Authentication failed
2024-06-19T11:54:52+00:00 ERROR Authentication failed
2024-06-19T11:55:19+00:00 ERROR Authentication failed
2024-06-19T11:58:15+00:00 ERROR Authentication failed
2024-06-19T11:58:16+00:00 ERROR Authentication failed
2024-06-19T11:58:27+00:00 ERROR Authentication failed
2024-06-19T11:58:40+00:00 ERROR Authentication failed
2024-06-19T11:58:54+00:00 ERROR Authentication failed
2024-06-19T11:59:24+00:00 ERROR Authentication failed
2024-06-19T11:59:46+00:00 ERROR Authentication failed
2024-06-19T12:00:09+00:00 ERROR Authentication failed
2024-06-19T12:00:10+00:00 ERROR Authentication failed
2024-06-19T12:00:57+00:00 ERROR Authentication failed
2024-06-19T12:00:58+00:00 ERROR Authentication failed
2024-06-19T12:01:05+00:00 ERROR Authentication failed
2024-06-19T12:01:17+00:00 ERROR Authentication failed
2024-06-19T12:01:24+00:00 ERROR Authentication failed
2024-06-19T12:01:42+00:00 ERROR Authentication failed
2024-06-19T12:02:09+00:00 ERROR Authentication failed
2024-06-19T12:02:10+00:00 ERROR Authentication failed
2024-06-19T12:02:13+00:00 ERROR Authentication failed
2024-06-19T12:02:20+00:00 ERROR Authentication failed
2024-06-19T12:02:34+00:00 ERROR Authentication failed
2024-06-19T12:03:01+00:00 ERROR Authentication failed
2024-06-19T12:03:02+00:00 ERROR Authentication failed
2024-06-19T12:03:05+00:00 ERROR Authentication failed
2024-06-19T12:03:13+00:00 ERROR Authentication failed
2024-06-19T12:03:25+00:00 ERROR Authentication failed
2024-06-19T12:03:39+00:00 ERROR Authentication failed
2024-06-19T12:04:29+00:00 ERROR Authentication failed
2024-06-19T12:04:29+00:00 ERROR Authentication failed
2024-06-19T12:04:32+00:00 ERROR Authentication failed
2024-06-19T12:04:38+00:00 ERROR Authentication failed
2024-06-19T12:04:50+00:00 ERROR Authentication failed
2024-06-19T12:05:15+00:00 ERROR Authentication failed
2024-06-19T12:05:15+00:00 ERROR Authentication failed
2024-06-19T12:05:18+00:00 ERROR Authentication failed
2024-06-19T12:05:25+00:00 ERROR Authentication failed
2024-06-19T12:05:37+00:00 ERROR Authentication failed
2024-06-19T12:06:02+00:00 ERROR Authentication failed
2024-06-19T12:06:03+00:00 ERROR Authentication failed
2024-06-19T12:06:06+00:00 ERROR Authentication failed
2024-06-19T12:06:10+00:00 ERROR Authentication failed
2024-06-19T12:06:21+00:00 ERROR Authentication failed
2024-06-19T12:06:44+00:00 ERROR Authentication failed
2024-06-19T12:06:45+00:00 ERROR Authentication failed
2024-06-19T12:06:49+00:00 ERROR Authentication failed
2024-06-19T12:06:59+00:00 ERROR Authentication failed
2024-06-19T12:07:13+00:00 ERROR Authentication failed
2024-06-19T12:07:32+00:00 ERROR Authentication failed
2024-06-19T12:07:38+00:00 ERROR Authentication failed
2024-06-19T12:07:50+00:00 ERROR Authentication failed
2024-06-19T12:07:51+00:00 ERROR Authentication failed
2024-06-19T12:07:54+00:00 ERROR Authentication failed
2024-06-19T12:07:58+00:00 ERROR Authentication failed
2024-06-19T12:08:26+00:00 ERROR Authentication failed
2024-06-19T12:08:49+00:00 ERROR Authentication failed
2024-06-19T12:08:50+00:00 ERROR Authentication failed
2024-06-19T12:08:53+00:00 ERROR Authentication failed
2024-06-19T12:08:59+00:00 ERROR Authentication failed
2024-06-19T12:09:10+00:00 ERROR Authentication failed
2024-06-19T12:09:40+00:00 ERROR Authentication failed
2024-06-19T12:09:41+00:00 ERROR Authentication failed
2024-06-19T12:09:46+00:00 ERROR Authentication failed
2024-06-19T12:09:51+00:00 ERROR Authentication failed
2024-06-19T12:10:22+00:00 ERROR Authentication failed
2024-06-19T12:10:41+00:00 ERROR Authentication failed
2024-06-19T12:10:41+00:00 ERROR Authentication failed
2024-06-19T12:11:07+00:00 ERROR Authentication failed
2024-06-19T12:11:07+00:00 ERROR Authentication failed
2024-06-19T12:11:16+00:00 ERROR Authentication failed
2024-06-19T12:11:21+00:00 ERROR Authentication failed
2024-06-19T12:11:29+00:00 ERROR Authentication failed
2024-06-19T12:11:57+00:00 ERROR Authentication failed
2024-06-19T12:12:26+00:00 ERROR Authentication failed
2024-06-19T12:12:27+00:00 ERROR Authentication failed
2024-06-19T12:12:30+00:00 ERROR Authentication failed
2024-06-19T12:12:40+00:00 ERROR Authentication failed
2024-06-19T12:13:16+00:00 ERROR Authentication failed
2024-06-19T12:13:43+00:00 ERROR Authentication failed
2024-06-19T12:13:44+00:00 ERROR Authentication failed
2024-06-19T12:13:47+00:00 ERROR Authentication failed
2024-06-19T12:13:55+00:00 ERROR Authentication failed
2024-06-19T12:14:36+00:00 ERROR Authentication failed
2024-06-19T12:14:55+00:00 ERROR Authentication failed
2024-06-19T12:14:56+00:00 ERROR Authentication failed
2024-06-19T12:14:59+00:00 ERROR Authentication failed
2024-06-19T12:15:06+00:00 ERROR Authentication failed
2024-06-19T12:15:32+00:00 ERROR Authentication failed
2024-06-19T12:15:57+00:00 ERROR Authentication failed
2024-06-19T12:15:58+00:00 ERROR Authentication failed
2024-06-19T12:16:01+00:00 ERROR Authentication failed
2024-06-19T12:16:08+00:00 ERROR Authentication failed
2024-06-19T12:16:40+00:00 ERROR Authentication failed
2024-06-19T12:17:11+00:00 ERROR Authentication failed
2024-06-19T12:17:12+00:00 ERROR Authentication failed
2024-06-19T12:17:15+00:00 ERROR Authentication failed
2024-06-19T12:17:21+00:00 ERROR Authentication failed
2024-06-19T12:17:44+00:00 ERROR Authentication failed
2024-06-19T12:18:07+00:00 ERROR Authentication failed
2024-06-19T12:18:08+00:00 ERROR Authentication failed
2024-06-19T12:18:10+00:00 ERROR Authentication failed
2024-06-19T12:18:15+00:00 ERROR Authentication failed
2024-06-19T12:18:38+00:00 ERROR Authentication failed
2024-06-19T12:18:59+00:00 ERROR Authentication failed
2024-06-19T12:19:00+00:00 ERROR Authentication failed
2024-06-19T12:19:03+00:00 ERROR Authentication failed
2024-06-19T12:19:14+00:00 ERROR Authentication failed
2024-06-19T12:19:39+00:00 ERROR Authentication failed
2024-06-19T12:20:00+00:00 ERROR Authentication failed
2024-06-19T12:20:01+00:00 ERROR Authentication failed
2024-06-19T12:20:04+00:00 ERROR Authentication failed
2024-06-19T12:20:14+00:00 ERROR Authentication failed
2024-06-19T12:20:24+00:00 ERROR Authentication failed
2024-06-19T12:20:28+00:00 ERROR Authentication failed
2024-06-19T12:20:50+00:00 ERROR Authentication failed
2024-06-19T12:21:24+00:00 ERROR Authentication failed
2024-06-19T12:21:25+00:00 ERROR Authentication failed
2024-06-19T12:21:29+00:00 ERROR Authentication failed
2024-06-19T12:21:34+00:00 ERROR Authentication failed
2024-06-19T12:21:43+00:00 ERROR Authentication failed
2024-06-19T12:22:02+00:00 ERROR Authentication failed
2024-06-19T12:22:29+00:00 ERROR Authentication failed
2024-06-19T12:22:30+00:00 ERROR Authentication failed
2024-06-19T12:22:34+00:00 ERROR Authentication failed
2024-06-19T12:22:38+00:00 ERROR Authentication failed
2024-06-19T12:22:42+00:00 ERROR Authentication failed
2024-06-19T12:23:18+00:00 ERROR Authentication failed
2024-06-19T12:23:19+00:00 ERROR Authentication failed
2024-06-19T12:23:23+00:00 ERROR Authentication failed
2024-06-19T12:23:27+00:00 ERROR Authentication failed
2024-06-19T12:23:32+00:00 ERROR Authentication failed
2024-06-19T12:24:07+00:00 ERROR Authentication failed
2024-06-19T12:24:08+00:00 ERROR Authentication failed
2024-06-19T12:24:13+00:00 ERROR Authentication failed
2024-06-19T12:24:31+00:00 ERROR Authentication failed
2024-06-19T21:02:03+00:00 INFO Execute one_cc_plugin_sync_cron successful
2024-06-19T21:02:04+00:00 ERROR Authentication failed
