2024-06-24T01:30:15+00:00 ERROR Authentication failed
2024-06-24T07:34:20+00:00 ERROR Authentication failed
2024-06-24T07:34:24+00:00 ERROR Authentication failed
2024-06-24T07:34:52+00:00 ERROR Authentication failed
2024-06-24T07:35:00+00:00 ERROR Authentication failed
2024-06-24T07:38:40+00:00 ERROR Authentication failed
2024-06-24T07:38:41+00:00 ERROR Authentication failed
2024-06-24T07:39:25+00:00 ERROR Authentication failed
2024-06-24T07:39:33+00:00 ERROR Authentication failed
2024-06-24T07:39:37+00:00 ERROR Authentication failed
2024-06-24T07:41:30+00:00 ERROR Authentication failed
2024-06-24T07:42:01+00:00 ERROR Authentication failed
2024-06-24T07:42:02+00:00 ERROR Authentication failed
2024-06-24T07:42:09+00:00 ERROR Authentication failed
2024-06-24T07:44:07+00:00 ERROR Authentication failed
2024-06-24T07:44:10+00:00 ERROR Authentication failed
2024-06-24T07:44:23+00:00 ERROR Authentication failed
2024-06-24T07:44:24+00:00 ERROR Authentication failed
2024-06-24T07:44:28+00:00 ERROR Authentication failed
2024-06-24T07:44:32+00:00 ERROR Authentication failed
2024-06-24T07:46:31+00:00 ERROR Authentication failed
2024-06-24T07:46:32+00:00 ERROR Authentication failed
2024-06-24T07:46:46+00:00 ERROR Authentication failed
2024-06-24T07:46:46+00:00 ERROR Authentication failed
2024-06-24T07:46:49+00:00 ERROR Authentication failed
2024-06-24T07:46:54+00:00 ERROR Authentication failed
2024-06-24T07:47:07+00:00 ERROR Authentication failed
2024-06-24T07:49:08+00:00 ERROR Authentication failed
2024-06-24T07:49:09+00:00 ERROR Authentication failed
2024-06-24T07:49:24+00:00 ERROR Authentication failed
2024-06-24T07:49:31+00:00 ERROR Authentication failed
2024-06-24T07:49:35+00:00 ERROR Authentication failed
2024-06-24T07:51:39+00:00 ERROR Authentication failed
2024-06-24T07:51:40+00:00 ERROR Authentication failed
2024-06-24T07:51:58+00:00 ERROR Authentication failed
2024-06-24T07:52:12+00:00 ERROR Authentication failed
2024-06-24T07:52:19+00:00 ERROR Authentication failed
2024-06-24T07:53:32+00:00 ERROR Authentication failed
2024-06-24T07:56:10+00:00 ERROR Authentication failed
2024-06-24T07:56:11+00:00 ERROR Authentication failed
2024-06-24T07:56:17+00:00 ERROR Authentication failed
2024-06-24T07:56:23+00:00 ERROR Authentication failed
2024-06-24T07:59:32+00:00 ERROR Authentication failed
2024-06-24T07:59:33+00:00 ERROR Authentication failed
2024-06-24T07:59:47+00:00 ERROR Authentication failed
2024-06-24T07:59:52+00:00 ERROR Authentication failed
2024-06-24T08:01:56+00:00 ERROR Authentication failed
2024-06-24T08:01:57+00:00 ERROR Authentication failed
2024-06-24T08:02:08+00:00 ERROR Authentication failed
2024-06-24T08:02:17+00:00 ERROR Authentication failed
2024-06-24T08:02:25+00:00 ERROR Authentication failed
2024-06-24T08:04:55+00:00 ERROR Authentication failed
2024-06-24T08:04:56+00:00 ERROR Authentication failed
2024-06-24T08:05:07+00:00 ERROR Authentication failed
2024-06-24T08:05:13+00:00 ERROR Authentication failed
2024-06-24T08:05:22+00:00 ERROR Authentication failed
2024-06-24T08:07:52+00:00 ERROR Authentication failed
2024-06-24T08:07:53+00:00 ERROR Authentication failed
2024-06-24T08:08:00+00:00 ERROR Authentication failed
2024-06-24T08:08:06+00:00 ERROR Authentication failed
2024-06-24T08:11:39+00:00 ERROR Authentication failed
2024-06-24T08:11:40+00:00 ERROR Authentication failed
2024-06-24T08:11:55+00:00 ERROR Authentication failed
2024-06-24T08:12:03+00:00 ERROR Authentication failed
2024-06-24T08:12:09+00:00 ERROR Authentication failed
2024-06-24T08:13:21+00:00 ERROR Authentication failed
2024-06-24T08:13:22+00:00 ERROR Authentication failed
2024-06-24T08:13:49+00:00 ERROR Authentication failed
2024-06-24T08:13:50+00:00 ERROR Authentication failed
2024-06-24T08:15:17+00:00 ERROR Authentication failed
2024-06-24T08:15:18+00:00 ERROR Authentication failed
2024-06-24T08:15:22+00:00 ERROR Authentication failed
2024-06-24T08:15:56+00:00 ERROR Authentication failed
2024-06-24T08:16:01+00:00 ERROR Authentication failed
2024-06-24T08:16:07+00:00 ERROR Authentication failed
2024-06-24T08:16:11+00:00 ERROR Authentication failed
2024-06-24T08:16:16+00:00 ERROR Authentication failed
2024-06-24T08:16:19+00:00 ERROR Authentication failed
2024-06-24T08:16:27+00:00 ERROR Authentication failed
2024-06-24T08:16:32+00:00 ERROR Authentication failed
2024-06-24T08:16:38+00:00 ERROR Authentication failed
2024-06-24T08:16:42+00:00 ERROR Authentication failed
2024-06-24T08:16:47+00:00 ERROR Authentication failed
2024-06-24T08:16:50+00:00 ERROR Authentication failed
2024-06-24T08:19:14+00:00 ERROR Authentication failed
2024-06-24T08:19:15+00:00 ERROR Authentication failed
2024-06-24T08:19:20+00:00 ERROR Authentication failed
2024-06-24T08:19:26+00:00 ERROR Authentication failed
2024-06-24T08:19:31+00:00 ERROR Authentication failed
2024-06-24T08:21:30+00:00 ERROR Authentication failed
2024-06-24T08:21:31+00:00 ERROR Authentication failed
2024-06-24T08:22:29+00:00 ERROR Authentication failed
2024-06-24T08:22:30+00:00 ERROR Authentication failed
2024-06-24T08:22:33+00:00 ERROR Authentication failed
2024-06-24T08:22:40+00:00 ERROR Authentication failed
2024-06-24T08:22:43+00:00 ERROR Authentication failed
2024-06-24T08:25:23+00:00 ERROR Authentication failed
2024-06-24T08:25:24+00:00 ERROR Authentication failed
2024-06-24T08:25:31+00:00 ERROR Authentication failed
2024-06-24T08:25:37+00:00 ERROR Authentication failed
2024-06-24T08:25:40+00:00 ERROR Authentication failed
2024-06-24T08:28:49+00:00 ERROR Authentication failed
2024-06-24T08:28:49+00:00 ERROR Authentication failed
2024-06-24T08:28:55+00:00 ERROR Authentication failed
2024-06-24T10:39:56+00:00 ERROR Authentication failed
2024-06-24T16:37:30+00:00 ERROR Authentication failed
2024-06-24T20:56:39+00:00 INFO Trying to create one_cc_address_sync_cron
2024-06-24T20:56:39+00:00 INFO Failed to create one_cc_address_sync_cron as invalid one cc merchant
2024-06-24T20:56:39+00:00 INFO Attempting to delete one_cc_address_sync_cron, status: cancelled, message: invalid_1cc_merchant
2024-06-24T20:56:39+00:00 INFO Deleted one_cc_address_sync_cron  if exists
2024-06-24T20:56:39+00:00 INFO updateAddressSyncCronData: status=cancelled, message=invalid_1cc_merchant, cronStatus=deleted
2024-06-24T20:56:39+00:00 INFO create one_cc_plugin_sync_cron successful
